{"/Users/kayak/Documents/demo/Node/main.js":{"path":"/Users/kayak/Documents/demo/Node/main.js","s":{"1":1,"2":1,"3":1,"4":1,"5":1,"6":1,"7":1,"8":182,"9":1,"10":181,"11":1,"12":180,"13":1,"14":179,"15":35,"16":144,"17":56,"18":88,"19":1,"20":0,"21":0,"22":1},"b":{"1":[1,181],"2":[1,180],"3":[1,179],"4":[35,144],"5":[56,88],"6":[0,1]},"f":{"1":182},"fnMap":{"1":{"name":"(anonymous_1)","line":8,"loc":{"start":{"line":8,"column":16},"end":{"line":8,"column":28}}}},"statementMap":{"1":{"start":{"line":1,"column":0},"end":{"line":1,"column":35}},"2":{"start":{"line":2,"column":0},"end":{"line":2,"column":41}},"3":{"start":{"line":3,"column":0},"end":{"line":3,"column":35}},"4":{"start":{"line":4,"column":0},"end":{"line":4,"column":41}},"5":{"start":{"line":5,"column":0},"end":{"line":5,"column":31}},"6":{"start":{"line":6,"column":0},"end":{"line":6,"column":27}},"7":{"start":{"line":8,"column":0},"end":{"line":25,"column":2}},"8":{"start":{"line":9,"column":4},"end":{"line":11,"column":5}},"9":{"start":{"line":10,"column":8},"end":{"line":10,"column":48}},"10":{"start":{"line":12,"column":4},"end":{"line":14,"column":5}},"11":{"start":{"line":13,"column":8},"end":{"line":13,"column":40}},"12":{"start":{"line":15,"column":4},"end":{"line":17,"column":5}},"13":{"start":{"line":16,"column":8},"end":{"line":16,"column":41}},"14":{"start":{"line":18,"column":4},"end":{"line":20,"column":5}},"15":{"start":{"line":19,"column":8},"end":{"line":19,"column":17}},"16":{"start":{"line":21,"column":4},"end":{"line":23,"column":5}},"17":{"start":{"line":22,"column":8},"end":{"line":22,"column":17}},"18":{"start":{"line":24,"column":4},"end":{"line":24,"column":47}},"19":{"start":{"line":27,"column":0},"end":{"line":32,"column":1}},"20":{"start":{"line":30,"column":4},"end":{"line":30,"column":36}},"21":{"start":{"line":31,"column":4},"end":{"line":31,"column":57}},"22":{"start":{"line":34,"column":0},"end":{"line":34,"column":30}}},"branchMap":{"1":{"line":9,"type":"if","locations":[{"start":{"line":9,"column":4},"end":{"line":9,"column":4}},{"start":{"line":9,"column":4},"end":{"line":9,"column":4}}]},"2":{"line":12,"type":"if","locations":[{"start":{"line":12,"column":4},"end":{"line":12,"column":4}},{"start":{"line":12,"column":4},"end":{"line":12,"column":4}}]},"3":{"line":15,"type":"if","locations":[{"start":{"line":15,"column":4},"end":{"line":15,"column":4}},{"start":{"line":15,"column":4},"end":{"line":15,"column":4}}]},"4":{"line":18,"type":"if","locations":[{"start":{"line":18,"column":4},"end":{"line":18,"column":4}},{"start":{"line":18,"column":4},"end":{"line":18,"column":4}}]},"5":{"line":21,"type":"if","locations":[{"start":{"line":21,"column":4},"end":{"line":21,"column":4}},{"start":{"line":21,"column":4},"end":{"line":21,"column":4}}]},"6":{"line":27,"type":"if","locations":[{"start":{"line":27,"column":0},"end":{"line":27,"column":0}},{"start":{"line":27,"column":0},"end":{"line":27,"column":0}}]}}}}